DEBUG:urllib3.connectionpool:Starting new HTTPS connection (1): api.vk.com:443
DEBUG:urllib3.connectionpool:https://api.vk.com:443 "POST /method/groups.getLongPollServer HTTP/1.1" 200 124
DEBUG:urllib3.connectionpool:Starting new HTTPS connection (1): lp.vk.com:443
DEBUG:urllib3.connectionpool:https://lp.vk.com:443 "GET /wh199418622?act=a_check&key=09ac1ef5d8d78bae1916b338e7d43675d470a5fb&ts=9519&wait=25 HTTP/1.1" 200 201
DEBUG:urllib3.connectionpool:https://lp.vk.com:443 "GET /wh199418622?act=a_check&key=09ac1ef5d8d78bae1916b338e7d43675d470a5fb&ts=9520&wait=25 HTTP/1.1" 200 553
DEBUG:helper:[*] - new message from id: 483455155
DEBUG:urllib3.connectionpool:https://lp.vk.com:443 "GET /wh199418622?act=a_check&key=09ac1ef5d8d78bae1916b338e7d43675d470a5fb&ts=9521&wait=25 HTTP/1.1" 200 28
DEBUG:urllib3.connectionpool:https://lp.vk.com:443 "GET /wh199418622?act=a_check&key=09ac1ef5d8d78bae1916b338e7d43675d470a5fb&ts=9521&wait=25 HTTP/1.1" 200 28
DEBUG:urllib3.connectionpool:https://lp.vk.com:443 "GET /wh199418622?act=a_check&key=09ac1ef5d8d78bae1916b338e7d43675d470a5fb&ts=9521&wait=25 HTTP/1.1" 200 28
DEBUG:urllib3.connectionpool:https://lp.vk.com:443 "GET /wh199418622?act=a_check&key=09ac1ef5d8d78bae1916b338e7d43675d470a5fb&ts=9521&wait=25 HTTP/1.1" 200 28
DEBUG:urllib3.connectionpool:https://lp.vk.com:443 "GET /wh199418622?act=a_check&key=09ac1ef5d8d78bae1916b338e7d43675d470a5fb&ts=9521&wait=25 HTTP/1.1" 200 28
DEBUG:urllib3.connectionpool:https://lp.vk.com:443 "GET /wh199418622?act=a_check&key=09ac1ef5d8d78bae1916b338e7d43675d470a5fb&ts=9521&wait=25 HTTP/1.1" 200 28
DEBUG:urllib3.connectionpool:https://lp.vk.com:443 "GET /wh199418622?act=a_check&key=09ac1ef5d8d78bae1916b338e7d43675d470a5fb&ts=9521&wait=25 HTTP/1.1" 200 28
DEBUG:urllib3.connectionpool:https://lp.vk.com:443 "GET /wh199418622?act=a_check&key=09ac1ef5d8d78bae1916b338e7d43675d470a5fb&ts=9521&wait=25 HTTP/1.1" 200 28
DEBUG:urllib3.connectionpool:https://lp.vk.com:443 "GET /wh199418622?act=a_check&key=09ac1ef5d8d78bae1916b338e7d43675d470a5fb&ts=9521&wait=25 HTTP/1.1" 200 28
DEBUG:urllib3.connectionpool:https://lp.vk.com:443 "GET /wh199418622?act=a_check&key=09ac1ef5d8d78bae1916b338e7d43675d470a5fb&ts=9521&wait=25 HTTP/1.1" 200 201
DEBUG:urllib3.connectionpool:https://lp.vk.com:443 "GET /wh199418622?act=a_check&key=09ac1ef5d8d78bae1916b338e7d43675d470a5fb&ts=9522&wait=25 HTTP/1.1" 200 556
DEBUG:helper:[*] - new message from id: 483455155
DEBUG:urllib3.connectionpool:https://lp.vk.com:443 "GET /wh199418622?act=a_check&key=09ac1ef5d8d78bae1916b338e7d43675d470a5fb&ts=9523&wait=25 HTTP/1.1" 200 555
DEBUG:helper:[*] - new message from id: 483455155
DEBUG:urllib3.connectionpool:https://lp.vk.com:443 "GET /wh199418622?act=a_check&key=09ac1ef5d8d78bae1916b338e7d43675d470a5fb&ts=9524&wait=25 HTTP/1.1" 200 557
DEBUG:helper:[*] - new message from id: 483455155
DEBUG:urllib3.connectionpool:https://lp.vk.com:443 "GET /wh199418622?act=a_check&key=09ac1ef5d8d78bae1916b338e7d43675d470a5fb&ts=9525&wait=25 HTTP/1.1" 200 557
DEBUG:helper:[*] - new message from id: 483455155
DEBUG:urllib3.connectionpool:https://lp.vk.com:443 "GET /wh199418622?act=a_check&key=09ac1ef5d8d78bae1916b338e7d43675d470a5fb&ts=9526&wait=25 HTTP/1.1" 200 558
DEBUG:helper:[*] - new message from id: 483455155
DEBUG:urllib3.connectionpool:https://lp.vk.com:443 "GET /wh199418622?act=a_check&key=09ac1ef5d8d78bae1916b338e7d43675d470a5fb&ts=9527&wait=25 HTTP/1.1" 200 28
DEBUG:urllib3.connectionpool:Starting new HTTPS connection (1): api.vk.com:443
DEBUG:urllib3.connectionpool:https://api.vk.com:443 "POST /method/groups.getLongPollServer HTTP/1.1" 200 124
DEBUG:urllib3.connectionpool:Starting new HTTPS connection (1): lp.vk.com:443
DEBUG:urllib3.connectionpool:https://lp.vk.com:443 "GET /wh199418622?act=a_check&key=e2e9753374f1de3f3a2563e4462a350173bca21c&ts=9527&wait=25 HTTP/1.1" 200 201
DEBUG:urllib3.connectionpool:https://lp.vk.com:443 "GET /wh199418622?act=a_check&key=e2e9753374f1de3f3a2563e4462a350173bca21c&ts=9528&wait=25 HTTP/1.1" 200 554
DEBUG:helper:[*] - New message from id: 483455155
DEBUG:helper:[*] - Message: ff
DEBUG:urllib3.connectionpool:https://lp.vk.com:443 "GET /wh199418622?act=a_check&key=e2e9753374f1de3f3a2563e4462a350173bca21c&ts=9529&wait=25 HTTP/1.1" 200 28
DEBUG:urllib3.connectionpool:https://lp.vk.com:443 "GET /wh199418622?act=a_check&key=e2e9753374f1de3f3a2563e4462a350173bca21c&ts=9529&wait=25 HTTP/1.1" 200 28
DEBUG:urllib3.connectionpool:https://lp.vk.com:443 "GET /wh199418622?act=a_check&key=e2e9753374f1de3f3a2563e4462a350173bca21c&ts=9529&wait=25 HTTP/1.1" 200 28
DEBUG:urllib3.connectionpool:https://lp.vk.com:443 "GET /wh199418622?act=a_check&key=e2e9753374f1de3f3a2563e4462a350173bca21c&ts=9529&wait=25 HTTP/1.1" 200 28
DEBUG:urllib3.connectionpool:https://lp.vk.com:443 "GET /wh199418622?act=a_check&key=e2e9753374f1de3f3a2563e4462a350173bca21c&ts=9529&wait=25 HTTP/1.1" 200 28
DEBUG:urllib3.connectionpool:https://lp.vk.com:443 "GET /wh199418622?act=a_check&key=e2e9753374f1de3f3a2563e4462a350173bca21c&ts=9529&wait=25 HTTP/1.1" 200 28
DEBUG:urllib3.connectionpool:https://lp.vk.com:443 "GET /wh199418622?act=a_check&key=e2e9753374f1de3f3a2563e4462a350173bca21c&ts=9529&wait=25 HTTP/1.1" 200 28
DEBUG:urllib3.connectionpool:https://lp.vk.com:443 "GET /wh199418622?act=a_check&key=e2e9753374f1de3f3a2563e4462a350173bca21c&ts=9529&wait=25 HTTP/1.1" 200 28
DEBUG:urllib3.connectionpool:https://lp.vk.com:443 "GET /wh199418622?act=a_check&key=e2e9753374f1de3f3a2563e4462a350173bca21c&ts=9529&wait=25 HTTP/1.1" 200 28
DEBUG:urllib3.connectionpool:https://lp.vk.com:443 "GET /wh199418622?act=a_check&key=e2e9753374f1de3f3a2563e4462a350173bca21c&ts=9529&wait=25 HTTP/1.1" 200 28
DEBUG:urllib3.connectionpool:https://lp.vk.com:443 "GET /wh199418622?act=a_check&key=e2e9753374f1de3f3a2563e4462a350173bca21c&ts=9529&wait=25 HTTP/1.1" 200 28
DEBUG:urllib3.connectionpool:https://lp.vk.com:443 "GET /wh199418622?act=a_check&key=e2e9753374f1de3f3a2563e4462a350173bca21c&ts=9529&wait=25 HTTP/1.1" 200 28
DEBUG:urllib3.connectionpool:Starting new HTTPS connection (1): api.vk.com:443
DEBUG:urllib3.connectionpool:https://api.vk.com:443 "POST /method/groups.getLongPollServer HTTP/1.1" 200 124
DEBUG:urllib3.connectionpool:Starting new HTTPS connection (1): lp.vk.com:443
DEBUG:urllib3.connectionpool:https://lp.vk.com:443 "GET /wh199418622?act=a_check&key=1d0fe66eac8c2ed960440d6dcd81db93e6ccf52e&ts=9529&wait=25 HTTP/1.1" 200 201
DEBUG:urllib3.connectionpool:https://lp.vk.com:443 "GET /wh199418622?act=a_check&key=1d0fe66eac8c2ed960440d6dcd81db93e6ccf52e&ts=9530&wait=25 HTTP/1.1" 200 554
DEBUG:helper:[*] - New message from id: 483455155
DEBUG:helper:[*] - Message: ff
DEBUG:urllib3.connectionpool:https://api.vk.com:443 "POST /method/getHistory HTTP/1.1" 200 163
DEBUG:urllib3.connectionpool:Starting new HTTPS connection (1): api.vk.com:443
DEBUG:urllib3.connectionpool:https://api.vk.com:443 "POST /method/groups.getLongPollServer HTTP/1.1" 200 124
DEBUG:urllib3.connectionpool:Starting new HTTPS connection (1): lp.vk.com:443
DEBUG:urllib3.connectionpool:https://lp.vk.com:443 "GET /wh199418622?act=a_check&key=46969208f9faaaab827c0460abc36fc2b409cc08&ts=9531&wait=25 HTTP/1.1" 200 28
DEBUG:urllib3.connectionpool:https://lp.vk.com:443 "GET /wh199418622?act=a_check&key=46969208f9faaaab827c0460abc36fc2b409cc08&ts=9531&wait=25 HTTP/1.1" 200 28
DEBUG:urllib3.connectionpool:https://lp.vk.com:443 "GET /wh199418622?act=a_check&key=46969208f9faaaab827c0460abc36fc2b409cc08&ts=9531&wait=25 HTTP/1.1" 200 28
DEBUG:urllib3.connectionpool:https://lp.vk.com:443 "GET /wh199418622?act=a_check&key=46969208f9faaaab827c0460abc36fc2b409cc08&ts=9531&wait=25 HTTP/1.1" 200 28
DEBUG:urllib3.connectionpool:https://lp.vk.com:443 "GET /wh199418622?act=a_check&key=46969208f9faaaab827c0460abc36fc2b409cc08&ts=9531&wait=25 HTTP/1.1" 200 28
DEBUG:urllib3.connectionpool:https://lp.vk.com:443 "GET /wh199418622?act=a_check&key=46969208f9faaaab827c0460abc36fc2b409cc08&ts=9531&wait=25 HTTP/1.1" 200 28
DEBUG:urllib3.connectionpool:https://lp.vk.com:443 "GET /wh199418622?act=a_check&key=46969208f9faaaab827c0460abc36fc2b409cc08&ts=9531&wait=25 HTTP/1.1" 200 201
DEBUG:urllib3.connectionpool:https://lp.vk.com:443 "GET /wh199418622?act=a_check&key=46969208f9faaaab827c0460abc36fc2b409cc08&ts=9532&wait=25 HTTP/1.1" 200 572
DEBUG:helper:[*] - New message from id: 483455155
DEBUG:helper:[*] - Message: /start
DEBUG:urllib3.connectionpool:https://lp.vk.com:443 "GET /wh199418622?act=a_check&key=46969208f9faaaab827c0460abc36fc2b409cc08&ts=9533&wait=25 HTTP/1.1" 200 201
DEBUG:urllib3.connectionpool:https://lp.vk.com:443 "GET /wh199418622?act=a_check&key=46969208f9faaaab827c0460abc36fc2b409cc08&ts=9534&wait=25 HTTP/1.1" 200 639
DEBUG:helper:[*] - New message from id: 483455155
DEBUG:helper:[*] - Message: Расписание занятий
DEBUG:urllib3.connectionpool:https://lp.vk.com:443 "GET /wh199418622?act=a_check&key=46969208f9faaaab827c0460abc36fc2b409cc08&ts=9535&wait=25 HTTP/1.1" 200 641
DEBUG:helper:[*] - New message from id: 483455155
DEBUG:helper:[*] - Message: Полезные материалы
DEBUG:urllib3.connectionpool:https://lp.vk.com:443 "GET /wh199418622?act=a_check&key=46969208f9faaaab827c0460abc36fc2b409cc08&ts=9536&wait=25 HTTP/1.1" 200 636
DEBUG:helper:[*] - New message from id: 483455155
DEBUG:helper:[*] - Message: Домашнее задание
DEBUG:urllib3.connectionpool:https://lp.vk.com:443 "GET /wh199418622?act=a_check&key=46969208f9faaaab827c0460abc36fc2b409cc08&ts=9537&wait=25 HTTP/1.1" 200 612
DEBUG:helper:[*] - New message from id: 483455155
DEBUG:helper:[*] - Message: Админ
DEBUG:urllib3.connectionpool:https://lp.vk.com:443 "GET /wh199418622?act=a_check&key=46969208f9faaaab827c0460abc36fc2b409cc08&ts=9538&wait=25 HTTP/1.1" 200 1461
DEBUG:helper:[*] - New message from id: 483455155
DEBUG:helper:[*] - Message: 
DEBUG:urllib3.connectionpool:https://lp.vk.com:443 "GET /wh199418622?act=a_check&key=46969208f9faaaab827c0460abc36fc2b409cc08&ts=9539&wait=25 HTTP/1.1" 200 28
DEBUG:urllib3.connectionpool:https://lp.vk.com:443 "GET /wh199418622?act=a_check&key=46969208f9faaaab827c0460abc36fc2b409cc08&ts=9539&wait=25 HTTP/1.1" 200 28
DEBUG:urllib3.connectionpool:https://lp.vk.com:443 "GET /wh199418622?act=a_check&key=46969208f9faaaab827c0460abc36fc2b409cc08&ts=9539&wait=25 HTTP/1.1" 200 28
DEBUG:urllib3.connectionpool:https://lp.vk.com:443 "GET /wh199418622?act=a_check&key=46969208f9faaaab827c0460abc36fc2b409cc08&ts=9539&wait=25 HTTP/1.1" 200 28
DEBUG:urllib3.connectionpool:https://lp.vk.com:443 "GET /wh199418622?act=a_check&key=46969208f9faaaab827c0460abc36fc2b409cc08&ts=9539&wait=25 HTTP/1.1" 200 28
DEBUG:urllib3.connectionpool:https://lp.vk.com:443 "GET /wh199418622?act=a_check&key=46969208f9faaaab827c0460abc36fc2b409cc08&ts=9539&wait=25 HTTP/1.1" 200 28
DEBUG:urllib3.connectionpool:https://lp.vk.com:443 "GET /wh199418622?act=a_check&key=46969208f9faaaab827c0460abc36fc2b409cc08&ts=9539&wait=25 HTTP/1.1" 200 28
DEBUG:urllib3.connectionpool:https://lp.vk.com:443 "GET /wh199418622?act=a_check&key=46969208f9faaaab827c0460abc36fc2b409cc08&ts=9539&wait=25 HTTP/1.1" 200 28
DEBUG:urllib3.connectionpool:https://lp.vk.com:443 "GET /wh199418622?act=a_check&key=46969208f9faaaab827c0460abc36fc2b409cc08&ts=9539&wait=25 HTTP/1.1" 200 28
DEBUG:urllib3.connectionpool:https://lp.vk.com:443 "GET /wh199418622?act=a_check&key=46969208f9faaaab827c0460abc36fc2b409cc08&ts=9539&wait=25 HTTP/1.1" 200 157
DEBUG:urllib3.connectionpool:https://lp.vk.com:443 "GET /wh199418622?act=a_check&key=46969208f9faaaab827c0460abc36fc2b409cc08&ts=9540&wait=25 HTTP/1.1" 200 167
DEBUG:urllib3.connectionpool:https://lp.vk.com:443 "GET /wh199418622?act=a_check&key=46969208f9faaaab827c0460abc36fc2b409cc08&ts=9541&wait=25 HTTP/1.1" 200 28
DEBUG:urllib3.connectionpool:https://lp.vk.com:443 "GET /wh199418622?act=a_check&key=46969208f9faaaab827c0460abc36fc2b409cc08&ts=9541&wait=25 HTTP/1.1" 200 28
DEBUG:urllib3.connectionpool:https://lp.vk.com:443 "GET /wh199418622?act=a_check&key=46969208f9faaaab827c0460abc36fc2b409cc08&ts=9541&wait=25 HTTP/1.1" 200 28
DEBUG:urllib3.connectionpool:https://lp.vk.com:443 "GET /wh199418622?act=a_check&key=46969208f9faaaab827c0460abc36fc2b409cc08&ts=9541&wait=25 HTTP/1.1" 200 28
DEBUG:urllib3.connectionpool:https://lp.vk.com:443 "GET /wh199418622?act=a_check&key=46969208f9faaaab827c0460abc36fc2b409cc08&ts=9541&wait=25 HTTP/1.1" 200 28
DEBUG:urllib3.connectionpool:https://lp.vk.com:443 "GET /wh199418622?act=a_check&key=46969208f9faaaab827c0460abc36fc2b409cc08&ts=9541&wait=25 HTTP/1.1" 200 28
DEBUG:urllib3.connectionpool:https://lp.vk.com:443 "GET /wh199418622?act=a_check&key=46969208f9faaaab827c0460abc36fc2b409cc08&ts=9541&wait=25 HTTP/1.1" 200 28
DEBUG:urllib3.connectionpool:https://lp.vk.com:443 "GET /wh199418622?act=a_check&key=46969208f9faaaab827c0460abc36fc2b409cc08&ts=9541&wait=25 HTTP/1.1" 200 28
DEBUG:urllib3.connectionpool:https://lp.vk.com:443 "GET /wh199418622?act=a_check&key=46969208f9faaaab827c0460abc36fc2b409cc08&ts=9541&wait=25 HTTP/1.1" 200 201
DEBUG:urllib3.connectionpool:https://lp.vk.com:443 "GET /wh199418622?act=a_check&key=46969208f9faaaab827c0460abc36fc2b409cc08&ts=9542&wait=25 HTTP/1.1" 200 577
DEBUG:helper:[*] - New message from id: 483455155
DEBUG:helper:[*] - Message: Начать
DEBUG:urllib3.connectionpool:https://lp.vk.com:443 "GET /wh199418622?act=a_check&key=46969208f9faaaab827c0460abc36fc2b409cc08&ts=9543&wait=25 HTTP/1.1" 200 28
DEBUG:urllib3.connectionpool:https://lp.vk.com:443 "GET /wh199418622?act=a_check&key=46969208f9faaaab827c0460abc36fc2b409cc08&ts=9543&wait=25 HTTP/1.1" 200 28
DEBUG:urllib3.connectionpool:https://lp.vk.com:443 "GET /wh199418622?act=a_check&key=46969208f9faaaab827c0460abc36fc2b409cc08&ts=9543&wait=25 HTTP/1.1" 200 28
DEBUG:urllib3.connectionpool:Starting new HTTPS connection (1): api.vk.com:443
DEBUG:urllib3.connectionpool:https://api.vk.com:443 "POST /method/groups.getLongPollServer HTTP/1.1" 200 124
DEBUG:urllib3.connectionpool:Starting new HTTPS connection (1): lp.vk.com:443
DEBUG:urllib3.connectionpool:https://lp.vk.com:443 "GET /wh199418622?act=a_check&key=e9787010116a5d92001d0548a1898a06dfd37606&ts=9543&wait=25 HTTP/1.1" 200 626
DEBUG:helper:[*] - New message from id: 483455155
DEBUG:helper:[*] - Message: расписание занятий
DEBUG:urllib3.connectionpool:Starting new HTTPS connection (1): api.vk.com:443
DEBUG:urllib3.connectionpool:https://api.vk.com:443 "POST /method/groups.getLongPollServer HTTP/1.1" 200 125
DEBUG:urllib3.connectionpool:Starting new HTTPS connection (1): lp.vk.com:443
DEBUG:urllib3.connectionpool:https://lp.vk.com:443 "GET /wh199418622?act=a_check&key=dec6e0b4bb444ae57ec69b024ad6aed72978f2dc&ts=9545&wait=25 HTTP/1.1" 200 28
DEBUG:urllib3.connectionpool:https://lp.vk.com:443 "GET /wh199418622?act=a_check&key=dec6e0b4bb444ae57ec69b024ad6aed72978f2dc&ts=9545&wait=25 HTTP/1.1" 200 28
DEBUG:urllib3.connectionpool:Starting new HTTPS connection (1): api.vk.com:443
DEBUG:urllib3.connectionpool:https://api.vk.com:443 "POST /method/groups.getLongPollServer HTTP/1.1" 200 124
DEBUG:urllib3.connectionpool:Starting new HTTPS connection (1): lp.vk.com:443
DEBUG:urllib3.connectionpool:https://lp.vk.com:443 "GET /wh199418622?act=a_check&key=06ac76a32f4349ca70bee913c07ee52800c5bd32&ts=9545&wait=25 HTTP/1.1" 200 201
DEBUG:urllib3.connectionpool:https://lp.vk.com:443 "GET /wh199418622?act=a_check&key=06ac76a32f4349ca70bee913c07ee52800c5bd32&ts=9546&wait=25 HTTP/1.1" 200 554
DEBUG:helper:[*] - New message from id: 483455155
DEBUG:helper:[*] - Message: re
DEBUG:urllib3.connectionpool:https://lp.vk.com:443 "GET /wh199418622?act=a_check&key=06ac76a32f4349ca70bee913c07ee52800c5bd32&ts=9547&wait=25 HTTP/1.1" 200 602
DEBUG:helper:[*] - New message from id: 93084902
DEBUG:helper:[*] - Message: start
DEBUG:urllib3.connectionpool:https://lp.vk.com:443 "GET /wh199418622?act=a_check&key=06ac76a32f4349ca70bee913c07ee52800c5bd32&ts=9548&wait=25 HTTP/1.1" 200 28
DEBUG:urllib3.connectionpool:https://lp.vk.com:443 "GET /wh199418622?act=a_check&key=06ac76a32f4349ca70bee913c07ee52800c5bd32&ts=9548&wait=25 HTTP/1.1" 200 28
DEBUG:urllib3.connectionpool:https://lp.vk.com:443 "GET /wh199418622?act=a_check&key=06ac76a32f4349ca70bee913c07ee52800c5bd32&ts=9548&wait=25 HTTP/1.1" 200 28
DEBUG:urllib3.connectionpool:https://lp.vk.com:443 "GET /wh199418622?act=a_check&key=06ac76a32f4349ca70bee913c07ee52800c5bd32&ts=9548&wait=25 HTTP/1.1" 200 28
DEBUG:urllib3.connectionpool:https://lp.vk.com:443 "GET /wh199418622?act=a_check&key=06ac76a32f4349ca70bee913c07ee52800c5bd32&ts=9548&wait=25 HTTP/1.1" 200 28
DEBUG:urllib3.connectionpool:https://lp.vk.com:443 "GET /wh199418622?act=a_check&key=06ac76a32f4349ca70bee913c07ee52800c5bd32&ts=9548&wait=25 HTTP/1.1" 200 28
DEBUG:urllib3.connectionpool:https://lp.vk.com:443 "GET /wh199418622?act=a_check&key=06ac76a32f4349ca70bee913c07ee52800c5bd32&ts=9548&wait=25 HTTP/1.1" 200 28
DEBUG:urllib3.connectionpool:https://lp.vk.com:443 "GET /wh199418622?act=a_check&key=06ac76a32f4349ca70bee913c07ee52800c5bd32&ts=9548&wait=25 HTTP/1.1" 200 28
DEBUG:urllib3.connectionpool:https://lp.vk.com:443 "GET /wh199418622?act=a_check&key=06ac76a32f4349ca70bee913c07ee52800c5bd32&ts=9548&wait=25 HTTP/1.1" 200 164
DEBUG:urllib3.connectionpool:https://lp.vk.com:443 "GET /wh199418622?act=a_check&key=06ac76a32f4349ca70bee913c07ee52800c5bd32&ts=9549&wait=25 HTTP/1.1" 200 28
DEBUG:urllib3.connectionpool:https://lp.vk.com:443 "GET /wh199418622?act=a_check&key=06ac76a32f4349ca70bee913c07ee52800c5bd32&ts=9549&wait=25 HTTP/1.1" 200 28
DEBUG:urllib3.connectionpool:https://lp.vk.com:443 "GET /wh199418622?act=a_check&key=06ac76a32f4349ca70bee913c07ee52800c5bd32&ts=9549&wait=25 HTTP/1.1" 200 28
DEBUG:urllib3.connectionpool:https://lp.vk.com:443 "GET /wh199418622?act=a_check&key=06ac76a32f4349ca70bee913c07ee52800c5bd32&ts=9549&wait=25 HTTP/1.1" 200 28
DEBUG:urllib3.connectionpool:https://lp.vk.com:443 "GET /wh199418622?act=a_check&key=06ac76a32f4349ca70bee913c07ee52800c5bd32&ts=9549&wait=25 HTTP/1.1" 200 28
DEBUG:urllib3.connectionpool:https://lp.vk.com:443 "GET /wh199418622?act=a_check&key=06ac76a32f4349ca70bee913c07ee52800c5bd32&ts=9549&wait=25 HTTP/1.1" 200 28
DEBUG:urllib3.connectionpool:https://lp.vk.com:443 "GET /wh199418622?act=a_check&key=06ac76a32f4349ca70bee913c07ee52800c5bd32&ts=9549&wait=25 HTTP/1.1" 200 28
DEBUG:urllib3.connectionpool:https://lp.vk.com:443 "GET /wh199418622?act=a_check&key=06ac76a32f4349ca70bee913c07ee52800c5bd32&ts=9549&wait=25 HTTP/1.1" 200 28
DEBUG:urllib3.connectionpool:https://lp.vk.com:443 "GET /wh199418622?act=a_check&key=06ac76a32f4349ca70bee913c07ee52800c5bd32&ts=9549&wait=25 HTTP/1.1" 200 28
DEBUG:urllib3.connectionpool:https://lp.vk.com:443 "GET /wh199418622?act=a_check&key=06ac76a32f4349ca70bee913c07ee52800c5bd32&ts=9549&wait=25 HTTP/1.1" 200 28
DEBUG:urllib3.connectionpool:https://lp.vk.com:443 "GET /wh199418622?act=a_check&key=06ac76a32f4349ca70bee913c07ee52800c5bd32&ts=9549&wait=25 HTTP/1.1" 200 28
DEBUG:urllib3.connectionpool:https://lp.vk.com:443 "GET /wh199418622?act=a_check&key=06ac76a32f4349ca70bee913c07ee52800c5bd32&ts=9549&wait=25 HTTP/1.1" 200 28
DEBUG:urllib3.connectionpool:https://lp.vk.com:443 "GET /wh199418622?act=a_check&key=06ac76a32f4349ca70bee913c07ee52800c5bd32&ts=9549&wait=25 HTTP/1.1" 200 28
DEBUG:urllib3.connectionpool:https://lp.vk.com:443 "GET /wh199418622?act=a_check&key=06ac76a32f4349ca70bee913c07ee52800c5bd32&ts=9549&wait=25 HTTP/1.1" 200 28
DEBUG:urllib3.connectionpool:https://lp.vk.com:443 "GET /wh199418622?act=a_check&key=06ac76a32f4349ca70bee913c07ee52800c5bd32&ts=9549&wait=25 HTTP/1.1" 200 28
DEBUG:urllib3.connectionpool:https://lp.vk.com:443 "GET /wh199418622?act=a_check&key=06ac76a32f4349ca70bee913c07ee52800c5bd32&ts=9549&wait=25 HTTP/1.1" 200 28
DEBUG:urllib3.connectionpool:https://lp.vk.com:443 "GET /wh199418622?act=a_check&key=06ac76a32f4349ca70bee913c07ee52800c5bd32&ts=9549&wait=25 HTTP/1.1" 200 28
DEBUG:urllib3.connectionpool:https://lp.vk.com:443 "GET /wh199418622?act=a_check&key=06ac76a32f4349ca70bee913c07ee52800c5bd32&ts=9549&wait=25 HTTP/1.1" 200 28
DEBUG:urllib3.connectionpool:https://lp.vk.com:443 "GET /wh199418622?act=a_check&key=06ac76a32f4349ca70bee913c07ee52800c5bd32&ts=9549&wait=25 HTTP/1.1" 200 28
DEBUG:urllib3.connectionpool:https://lp.vk.com:443 "GET /wh199418622?act=a_check&key=06ac76a32f4349ca70bee913c07ee52800c5bd32&ts=9549&wait=25 HTTP/1.1" 200 28
DEBUG:urllib3.connectionpool:https://lp.vk.com:443 "GET /wh199418622?act=a_check&key=06ac76a32f4349ca70bee913c07ee52800c5bd32&ts=9549&wait=25 HTTP/1.1" 200 28
DEBUG:urllib3.connectionpool:https://lp.vk.com:443 "GET /wh199418622?act=a_check&key=06ac76a32f4349ca70bee913c07ee52800c5bd32&ts=9549&wait=25 HTTP/1.1" 200 28
DEBUG:urllib3.connectionpool:https://lp.vk.com:443 "GET /wh199418622?act=a_check&key=06ac76a32f4349ca70bee913c07ee52800c5bd32&ts=9549&wait=25 HTTP/1.1" 200 28
DEBUG:urllib3.connectionpool:https://lp.vk.com:443 "GET /wh199418622?act=a_check&key=06ac76a32f4349ca70bee913c07ee52800c5bd32&ts=9549&wait=25 HTTP/1.1" 200 28
DEBUG:urllib3.connectionpool:Starting new HTTPS connection (1): api.vk.com:443
DEBUG:urllib3.connectionpool:https://api.vk.com:443 "POST /method/groups.getLongPollServer HTTP/1.1" 200 125
DEBUG:urllib3.connectionpool:Starting new HTTPS connection (1): lp.vk.com:443
DEBUG:urllib3.connectionpool:https://lp.vk.com:443 "GET /wh199418622?act=a_check&key=1c8bfbfa616a3f902e5a7ff41c34e8f54d0792a4&ts=9549&wait=25 HTTP/1.1" 200 626
DEBUG:helper:[*] - New message from id: 483455155
DEBUG:helper:[*] - Message: расписание занятий
DEBUG:urllib3.connectionpool:https://api.vk.com:443 "POST /method/messages.send HTTP/1.1" 200 37
DEBUG:helper:[*] - The bot sent the shedule keyboard to the use: 483455155
DEBUG:urllib3.connectionpool:https://lp.vk.com:443 "GET /wh199418622?act=a_check&key=1c8bfbfa616a3f902e5a7ff41c34e8f54d0792a4&ts=9550&wait=25 HTTP/1.1" 200 420
DEBUG:urllib3.connectionpool:https://lp.vk.com:443 "GET /wh199418622?act=a_check&key=1c8bfbfa616a3f902e5a7ff41c34e8f54d0792a4&ts=9551&wait=25 HTTP/1.1" 200 615
DEBUG:helper:[*] - New message from id: 483455155
DEBUG:helper:[*] - Message: понедельник
DEBUG:urllib3.connectionpool:Starting new HTTPS connection (1): api.vk.com:443
DEBUG:urllib3.connectionpool:https://api.vk.com:443 "POST /method/groups.getLongPollServer HTTP/1.1" 200 124
DEBUG:urllib3.connectionpool:Starting new HTTPS connection (1): lp.vk.com:443
DEBUG:urllib3.connectionpool:https://lp.vk.com:443 "GET /wh199418622?act=a_check&key=a99e42f1e8dfb6956e0130b7c420aed4782c2111&ts=9552&wait=25 HTTP/1.1" 200 615
DEBUG:helper:[*] - New message from id: 483455155
DEBUG:helper:[*] - Message: понедельник
DEBUG:urllib3.connectionpool:Starting new HTTP connection (1): www.spbkit.edu.ru:80
DEBUG:urllib3.connectionpool:http://www.spbkit.edu.ru:80 "GET /index.php?option=com_timetable&Itemid=82 HTTP/1.1" 200 None
DEBUG:urllib3.connectionpool:https://api.vk.com:443 "POST /method/messages.send HTTP/1.1" 200 37
DEBUG:urllib3.connectionpool:https://lp.vk.com:443 "GET /wh199418622?act=a_check&key=a99e42f1e8dfb6956e0130b7c420aed4782c2111&ts=9553&wait=25 HTTP/1.1" 200 817
DEBUG:urllib3.connectionpool:https://lp.vk.com:443 "GET /wh199418622?act=a_check&key=a99e42f1e8dfb6956e0130b7c420aed4782c2111&ts=9554&wait=25 HTTP/1.1" 200 608
DEBUG:helper:[*] - New message from id: 483455155
DEBUG:helper:[*] - Message: вторник
DEBUG:urllib3.connectionpool:Starting new HTTP connection (1): www.spbkit.edu.ru:80
DEBUG:urllib3.connectionpool:http://www.spbkit.edu.ru:80 "GET /index.php?option=com_timetable&Itemid=82 HTTP/1.1" 200 None
DEBUG:urllib3.connectionpool:https://api.vk.com:443 "POST /method/messages.send HTTP/1.1" 200 37
DEBUG:urllib3.connectionpool:https://lp.vk.com:443 "GET /wh199418622?act=a_check&key=a99e42f1e8dfb6956e0130b7c420aed4782c2111&ts=9555&wait=25 HTTP/1.1" 200 761
DEBUG:urllib3.connectionpool:https://lp.vk.com:443 "GET /wh199418622?act=a_check&key=a99e42f1e8dfb6956e0130b7c420aed4782c2111&ts=9556&wait=25 HTTP/1.1" 200 606
DEBUG:helper:[*] - New message from id: 483455155
DEBUG:helper:[*] - Message: среда
DEBUG:urllib3.connectionpool:Starting new HTTP connection (1): www.spbkit.edu.ru:80
DEBUG:urllib3.connectionpool:http://www.spbkit.edu.ru:80 "GET /index.php?option=com_timetable&Itemid=82 HTTP/1.1" 200 None
DEBUG:urllib3.connectionpool:https://api.vk.com:443 "POST /method/messages.send HTTP/1.1" 200 37
DEBUG:urllib3.connectionpool:https://lp.vk.com:443 "GET /wh199418622?act=a_check&key=a99e42f1e8dfb6956e0130b7c420aed4782c2111&ts=9557&wait=25 HTTP/1.1" 200 785
DEBUG:urllib3.connectionpool:https://lp.vk.com:443 "GET /wh199418622?act=a_check&key=a99e42f1e8dfb6956e0130b7c420aed4782c2111&ts=9558&wait=25 HTTP/1.1" 200 609
DEBUG:helper:[*] - New message from id: 483455155
DEBUG:helper:[*] - Message: четверг
DEBUG:urllib3.connectionpool:Starting new HTTP connection (1): www.spbkit.edu.ru:80
DEBUG:urllib3.connectionpool:http://www.spbkit.edu.ru:80 "GET /index.php?option=com_timetable&Itemid=82 HTTP/1.1" 200 None
DEBUG:urllib3.connectionpool:https://api.vk.com:443 "POST /method/messages.send HTTP/1.1" 200 37
DEBUG:urllib3.connectionpool:https://lp.vk.com:443 "GET /wh199418622?act=a_check&key=a99e42f1e8dfb6956e0130b7c420aed4782c2111&ts=9559&wait=25 HTTP/1.1" 200 807
DEBUG:urllib3.connectionpool:https://lp.vk.com:443 "GET /wh199418622?act=a_check&key=a99e42f1e8dfb6956e0130b7c420aed4782c2111&ts=9560&wait=25 HTTP/1.1" 200 607
DEBUG:helper:[*] - New message from id: 483455155
DEBUG:helper:[*] - Message: пятница
DEBUG:urllib3.connectionpool:Starting new HTTP connection (1): www.spbkit.edu.ru:80
DEBUG:urllib3.connectionpool:http://www.spbkit.edu.ru:80 "GET /index.php?option=com_timetable&Itemid=82 HTTP/1.1" 200 None
DEBUG:urllib3.connectionpool:https://api.vk.com:443 "POST /method/messages.send HTTP/1.1" 200 37
DEBUG:urllib3.connectionpool:https://lp.vk.com:443 "GET /wh199418622?act=a_check&key=a99e42f1e8dfb6956e0130b7c420aed4782c2111&ts=9561&wait=25 HTTP/1.1" 200 862
DEBUG:urllib3.connectionpool:https://lp.vk.com:443 "GET /wh199418622?act=a_check&key=a99e42f1e8dfb6956e0130b7c420aed4782c2111&ts=9562&wait=25 HTTP/1.1" 200 609
DEBUG:helper:[*] - New message from id: 483455155
DEBUG:helper:[*] - Message: суббота
DEBUG:urllib3.connectionpool:Starting new HTTP connection (1): www.spbkit.edu.ru:80
DEBUG:urllib3.connectionpool:http://www.spbkit.edu.ru:80 "GET /index.php?option=com_timetable&Itemid=82 HTTP/1.1" 200 None
DEBUG:urllib3.connectionpool:https://api.vk.com:443 "POST /method/messages.send HTTP/1.1" 200 37
DEBUG:urllib3.connectionpool:https://lp.vk.com:443 "GET /wh199418622?act=a_check&key=a99e42f1e8dfb6956e0130b7c420aed4782c2111&ts=9563&wait=25 HTTP/1.1" 200 666
DEBUG:urllib3.connectionpool:https://lp.vk.com:443 "GET /wh199418622?act=a_check&key=a99e42f1e8dfb6956e0130b7c420aed4782c2111&ts=9564&wait=25 HTTP/1.1" 200 601
DEBUG:helper:[*] - New message from id: 483455155
DEBUG:helper:[*] - Message: назад
DEBUG:urllib3.connectionpool:https://lp.vk.com:443 "GET /wh199418622?act=a_check&key=a99e42f1e8dfb6956e0130b7c420aed4782c2111&ts=9565&wait=25 HTTP/1.1" 200 28
DEBUG:urllib3.connectionpool:Starting new HTTPS connection (1): api.vk.com:443
DEBUG:urllib3.connectionpool:https://api.vk.com:443 "POST /method/groups.getLongPollServer HTTP/1.1" 200 124
DEBUG:urllib3.connectionpool:Starting new HTTPS connection (1): lp.vk.com:443
DEBUG:urllib3.connectionpool:https://lp.vk.com:443 "GET /wh199418622?act=a_check&key=8a6c5059162fc51c021f67a879f595510df72b5c&ts=9565&wait=25 HTTP/1.1" 200 601
DEBUG:helper:[*] - New message from id: 483455155
DEBUG:helper:[*] - Message: назад
DEBUG:urllib3.connectionpool:https://lp.vk.com:443 "GET /wh199418622?act=a_check&key=8a6c5059162fc51c021f67a879f595510df72b5c&ts=9566&wait=25 HTTP/1.1" 200 28
DEBUG:urllib3.connectionpool:Starting new HTTPS connection (1): api.vk.com:443
DEBUG:urllib3.connectionpool:https://api.vk.com:443 "POST /method/groups.getLongPollServer HTTP/1.1" 200 123
DEBUG:urllib3.connectionpool:Starting new HTTPS connection (1): lp.vk.com:443
DEBUG:urllib3.connectionpool:https://lp.vk.com:443 "GET /wh199418622?act=a_check&key=6cc48469ae5ff723ffcc254f1f5246e821666572&ts=9566&wait=25 HTTP/1.1" 200 601
DEBUG:helper:[*] - New message from id: 483455155
DEBUG:helper:[*] - Message: назад
DEBUG:urllib3.connectionpool:Starting new HTTPS connection (1): api.vk.com:443
DEBUG:urllib3.connectionpool:https://api.vk.com:443 "POST /method/groups.getLongPollServer HTTP/1.1" 200 124
DEBUG:urllib3.connectionpool:Starting new HTTPS connection (1): lp.vk.com:443
DEBUG:urllib3.connectionpool:https://lp.vk.com:443 "GET /wh199418622?act=a_check&key=0ab551c0bb1d603ebc8c0808862aa53c56cfa3a7&ts=9567&wait=25 HTTP/1.1" 200 601
DEBUG:helper:[*] - New message from id: 483455155
DEBUG:helper:[*] - Message: назад
DEBUG:urllib3.connectionpool:Starting new HTTPS connection (1): api.vk.com:443
DEBUG:urllib3.connectionpool:https://api.vk.com:443 "POST /method/groups.getLongPollServer HTTP/1.1" 200 123
DEBUG:urllib3.connectionpool:Starting new HTTPS connection (1): lp.vk.com:443
DEBUG:urllib3.connectionpool:https://lp.vk.com:443 "GET /wh199418622?act=a_check&key=fac20eb9598c39b945f9afe7fa84416580b6e39a&ts=9568&wait=25 HTTP/1.1" 200 601
DEBUG:helper:[*] - New message from id: 483455155
DEBUG:helper:[*] - Message: назад
DEBUG:urllib3.connectionpool:Starting new HTTPS connection (1): api.vk.com:443
DEBUG:urllib3.connectionpool:https://api.vk.com:443 "POST /method/groups.getLongPollServer HTTP/1.1" 200 123
DEBUG:urllib3.connectionpool:Starting new HTTPS connection (1): lp.vk.com:443
DEBUG:urllib3.connectionpool:https://lp.vk.com:443 "GET /wh199418622?act=a_check&key=ac53a6a1c0f1e012107aaf6b91a70c3b4a228347&ts=9569&wait=25 HTTP/1.1" 200 601
DEBUG:helper:[*] - New message from id: 483455155
DEBUG:helper:[*] - Message: назад
DEBUG:urllib3.connectionpool:https://api.vk.com:443 "POST /method/messages.send HTTP/1.1" 200 37
DEBUG:helper:[*] - The bot sent the main page to the user: 483455155
DEBUG:urllib3.connectionpool:https://lp.vk.com:443 "GET /wh199418622?act=a_check&key=ac53a6a1c0f1e012107aaf6b91a70c3b4a228347&ts=9570&wait=25 HTTP/1.1" 200 408
DEBUG:urllib3.connectionpool:https://lp.vk.com:443 "GET /wh199418622?act=a_check&key=ac53a6a1c0f1e012107aaf6b91a70c3b4a228347&ts=9571&wait=25 HTTP/1.1" 200 626
DEBUG:helper:[*] - New message from id: 483455155
DEBUG:helper:[*] - Message: расписание занятий
DEBUG:urllib3.connectionpool:https://api.vk.com:443 "POST /method/messages.send HTTP/1.1" 200 37
DEBUG:helper:[*] - The bot sent the shedule keyboard to the user: 483455155
DEBUG:urllib3.connectionpool:https://lp.vk.com:443 "GET /wh199418622?act=a_check&key=ac53a6a1c0f1e012107aaf6b91a70c3b4a228347&ts=9572&wait=25 HTTP/1.1" 200 421
DEBUG:urllib3.connectionpool:https://lp.vk.com:443 "GET /wh199418622?act=a_check&key=ac53a6a1c0f1e012107aaf6b91a70c3b4a228347&ts=9573&wait=25 HTTP/1.1" 200 615
DEBUG:helper:[*] - New message from id: 483455155
DEBUG:helper:[*] - Message: понедельник
DEBUG:urllib3.connectionpool:Starting new HTTP connection (1): www.spbkit.edu.ru:80
DEBUG:urllib3.connectionpool:http://www.spbkit.edu.ru:80 "GET /index.php?option=com_timetable&Itemid=82 HTTP/1.1" 200 None
DEBUG:urllib3.connectionpool:https://api.vk.com:443 "POST /method/messages.send HTTP/1.1" 200 37
DEBUG:helper:[*] - The bot sent the shedule on a понедельник to the user: 483455155
DEBUG:urllib3.connectionpool:https://lp.vk.com:443 "GET /wh199418622?act=a_check&key=ac53a6a1c0f1e012107aaf6b91a70c3b4a228347&ts=9574&wait=25 HTTP/1.1" 200 816
DEBUG:urllib3.connectionpool:https://lp.vk.com:443 "GET /wh199418622?act=a_check&key=ac53a6a1c0f1e012107aaf6b91a70c3b4a228347&ts=9575&wait=25 HTTP/1.1" 200 601
DEBUG:helper:[*] - New message from id: 483455155
DEBUG:helper:[*] - Message: назад
DEBUG:urllib3.connectionpool:https://api.vk.com:443 "POST /method/messages.send HTTP/1.1" 200 37
DEBUG:helper:[*] - The bot sent the main page to the user: 483455155
DEBUG:urllib3.connectionpool:https://lp.vk.com:443 "GET /wh199418622?act=a_check&key=ac53a6a1c0f1e012107aaf6b91a70c3b4a228347&ts=9576&wait=25 HTTP/1.1" 200 410
DEBUG:urllib3.connectionpool:Starting new HTTPS connection (1): api.vk.com:443
DEBUG:urllib3.connectionpool:https://api.vk.com:443 "POST /method/groups.getLongPollServer HTTP/1.1" 200 124
DEBUG:urllib3.connectionpool:Starting new HTTPS connection (1): lp.vk.com:443
DEBUG:urllib3.connectionpool:https://lp.vk.com:443 "GET /wh199418622?act=a_check&key=a7f59457a74c90acb3b14a7a4faff3dc540a825b&ts=9577&wait=25 HTTP/1.1" 200 626
DEBUG:helper:[*] - New message from id: 483455155
DEBUG:helper:[*] - Message: расписание занятий
DEBUG:urllib3.connectionpool:https://api.vk.com:443 "POST /method/messages.send HTTP/1.1" 200 37
DEBUG:helper:[*] - The bot sent the shedule keyboard to the user: 483455155
DEBUG:urllib3.connectionpool:https://lp.vk.com:443 "GET /wh199418622?act=a_check&key=a7f59457a74c90acb3b14a7a4faff3dc540a825b&ts=9578&wait=25 HTTP/1.1" 200 421
DEBUG:urllib3.connectionpool:https://lp.vk.com:443 "GET /wh199418622?act=a_check&key=a7f59457a74c90acb3b14a7a4faff3dc540a825b&ts=9579&wait=25 HTTP/1.1" 200 601
DEBUG:helper:[*] - New message from id: 483455155
DEBUG:helper:[*] - Message: назад
DEBUG:urllib3.connectionpool:https://api.vk.com:443 "POST /method/messages.send HTTP/1.1" 200 37
DEBUG:helper:[*] - The bot sent the main page to the user: 483455155
DEBUG:urllib3.connectionpool:https://lp.vk.com:443 "GET /wh199418622?act=a_check&key=a7f59457a74c90acb3b14a7a4faff3dc540a825b&ts=9580&wait=25 HTTP/1.1" 200 410
DEBUG:urllib3.connectionpool:https://lp.vk.com:443 "GET /wh199418622?act=a_check&key=a7f59457a74c90acb3b14a7a4faff3dc540a825b&ts=9581&wait=25 HTTP/1.1" 200 623
DEBUG:helper:[*] - New message from id: 483455155
DEBUG:helper:[*] - Message: домашнее задание
DEBUG:urllib3.connectionpool:https://api.vk.com:443 "POST /method/messages.send HTTP/1.1" 200 37
DEBUG:helper:[*] - The user 483455155 tried to access the homework section
DEBUG:urllib3.connectionpool:https://lp.vk.com:443 "GET /wh199418622?act=a_check&key=a7f59457a74c90acb3b14a7a4faff3dc540a825b&ts=9582&wait=25 HTTP/1.1" 200 446
DEBUG:urllib3.connectionpool:https://lp.vk.com:443 "GET /wh199418622?act=a_check&key=a7f59457a74c90acb3b14a7a4faff3dc540a825b&ts=9583&wait=25 HTTP/1.1" 200 628
DEBUG:helper:[*] - New message from id: 483455155
DEBUG:helper:[*] - Message: полезные материалы
DEBUG:urllib3.connectionpool:Starting new HTTPS connection (1): api.vk.com:443
DEBUG:urllib3.connectionpool:https://api.vk.com:443 "POST /method/groups.getLongPollServer HTTP/1.1" 200 124
DEBUG:urllib3.connectionpool:Starting new HTTPS connection (1): lp.vk.com:443
DEBUG:urllib3.connectionpool:https://lp.vk.com:443 "GET /wh199418622?act=a_check&key=da9c8cced183cd0e188c54e5b195a4e2694c53f7&ts=9584&wait=25 HTTP/1.1" 200 628
DEBUG:helper:[*] - New message from id: 483455155
DEBUG:helper:[*] - Message: полезные материалы
DEBUG:urllib3.connectionpool:https://api.vk.com:443 "POST /method/messages.send HTTP/1.1" 200 37
DEBUG:helper:[*] - The bot sent the materials page to the user: 483455155
DEBUG:urllib3.connectionpool:https://lp.vk.com:443 "GET /wh199418622?act=a_check&key=da9c8cced183cd0e188c54e5b195a4e2694c53f7&ts=9585&wait=25 HTTP/1.1" 200 426
DEBUG:urllib3.connectionpool:https://lp.vk.com:443 "GET /wh199418622?act=a_check&key=da9c8cced183cd0e188c54e5b195a4e2694c53f7&ts=9586&wait=25 HTTP/1.1" 200 28
DEBUG:urllib3.connectionpool:https://lp.vk.com:443 "GET /wh199418622?act=a_check&key=da9c8cced183cd0e188c54e5b195a4e2694c53f7&ts=9586&wait=25 HTTP/1.1" 200 602
DEBUG:helper:[*] - New message from id: 483455155
DEBUG:helper:[*] - Message: назад
DEBUG:urllib3.connectionpool:Starting new HTTPS connection (1): api.vk.com:443
DEBUG:urllib3.connectionpool:https://api.vk.com:443 "POST /method/groups.getLongPollServer HTTP/1.1" 200 125
DEBUG:urllib3.connectionpool:Starting new HTTPS connection (1): lp.vk.com:443
DEBUG:urllib3.connectionpool:https://lp.vk.com:443 "GET /wh199418622?act=a_check&key=4c1f0373dfcc2dd2297f50b80b90d14be90db5b3&ts=9587&wait=25 HTTP/1.1" 200 602
DEBUG:helper:[*] - New message from id: 483455155
DEBUG:helper:[*] - Message: назад
DEBUG:urllib3.connectionpool:https://api.vk.com:443 "POST /method/messages.send HTTP/1.1" 200 37
DEBUG:helper:[*] - The bot sent the main page to the user: 483455155
DEBUG:urllib3.connectionpool:https://lp.vk.com:443 "GET /wh199418622?act=a_check&key=4c1f0373dfcc2dd2297f50b80b90d14be90db5b3&ts=9588&wait=25 HTTP/1.1" 200 409
DEBUG:urllib3.connectionpool:https://lp.vk.com:443 "GET /wh199418622?act=a_check&key=4c1f0373dfcc2dd2297f50b80b90d14be90db5b3&ts=9589&wait=25 HTTP/1.1" 200 628
DEBUG:helper:[*] - New message from id: 483455155
DEBUG:helper:[*] - Message: полезные материалы
DEBUG:urllib3.connectionpool:https://api.vk.com:443 "POST /method/messages.send HTTP/1.1" 200 37
DEBUG:helper:[*] - The bot sent the materials page to the user: 483455155
DEBUG:urllib3.connectionpool:https://lp.vk.com:443 "GET /wh199418622?act=a_check&key=4c1f0373dfcc2dd2297f50b80b90d14be90db5b3&ts=9590&wait=25 HTTP/1.1" 200 426
DEBUG:urllib3.connectionpool:https://lp.vk.com:443 "GET /wh199418622?act=a_check&key=4c1f0373dfcc2dd2297f50b80b90d14be90db5b3&ts=9591&wait=25 HTTP/1.1" 200 615
DEBUG:helper:[*] - New message from id: 483455155
DEBUG:helper:[*] - Message: ссылки на сайты
DEBUG:urllib3.connectionpool:https://api.vk.com:443 "POST /method/messages.send HTTP/1.1" 200 37
DEBUG:helper:[*] - The bot sent the url to the user: 483455155
DEBUG:urllib3.connectionpool:https://lp.vk.com:443 "GET /wh199418622?act=a_check&key=4c1f0373dfcc2dd2297f50b80b90d14be90db5b3&ts=9592&wait=25 HTTP/1.1" 200 921
DEBUG:urllib3.connectionpool:https://lp.vk.com:443 "GET /wh199418622?act=a_check&key=4c1f0373dfcc2dd2297f50b80b90d14be90db5b3&ts=9593&wait=25 HTTP/1.1" 200 623
DEBUG:helper:[*] - New message from id: 483455155
DEBUG:helper:[*] - Message: e-mail преподавателей
DEBUG:urllib3.connectionpool:https://api.vk.com:443 "POST /method/messages.send HTTP/1.1" 200 37
DEBUG:helper:[*] - The bot sent the e-mail to the user: 483455155
DEBUG:urllib3.connectionpool:https://lp.vk.com:443 "GET /wh199418622?act=a_check&key=4c1f0373dfcc2dd2297f50b80b90d14be90db5b3&ts=9594&wait=25 HTTP/1.1" 200 952
DEBUG:urllib3.connectionpool:https://lp.vk.com:443 "GET /wh199418622?act=a_check&key=4c1f0373dfcc2dd2297f50b80b90d14be90db5b3&ts=9595&wait=25 HTTP/1.1" 200 602
DEBUG:helper:[*] - New message from id: 483455155
DEBUG:helper:[*] - Message: назад
DEBUG:urllib3.connectionpool:https://api.vk.com:443 "POST /method/messages.send HTTP/1.1" 200 37
DEBUG:helper:[*] - The bot sent the main page to the user: 483455155
DEBUG:urllib3.connectionpool:https://lp.vk.com:443 "GET /wh199418622?act=a_check&key=4c1f0373dfcc2dd2297f50b80b90d14be90db5b3&ts=9596&wait=25 HTTP/1.1" 200 410
DEBUG:urllib3.connectionpool:https://lp.vk.com:443 "GET /wh199418622?act=a_check&key=4c1f0373dfcc2dd2297f50b80b90d14be90db5b3&ts=9597&wait=25 HTTP/1.1" 200 626
DEBUG:helper:[*] - New message from id: 483455155
DEBUG:helper:[*] - Message: расписание занятий
DEBUG:urllib3.connectionpool:https://api.vk.com:443 "POST /method/messages.send HTTP/1.1" 200 37
DEBUG:helper:[*] - The bot sent the shedule keyboard to the user: 483455155
DEBUG:urllib3.connectionpool:https://lp.vk.com:443 "GET /wh199418622?act=a_check&key=4c1f0373dfcc2dd2297f50b80b90d14be90db5b3&ts=9598&wait=25 HTTP/1.1" 200 421
DEBUG:urllib3.connectionpool:https://lp.vk.com:443 "GET /wh199418622?act=a_check&key=4c1f0373dfcc2dd2297f50b80b90d14be90db5b3&ts=9599&wait=25 HTTP/1.1" 200 609
DEBUG:helper:[*] - New message from id: 483455155
DEBUG:helper:[*] - Message: четверг
DEBUG:urllib3.connectionpool:Starting new HTTP connection (1): www.spbkit.edu.ru:80
DEBUG:urllib3.connectionpool:http://www.spbkit.edu.ru:80 "GET /index.php?option=com_timetable&Itemid=82 HTTP/1.1" 200 None
DEBUG:urllib3.connectionpool:https://api.vk.com:443 "POST /method/messages.send HTTP/1.1" 200 37
DEBUG:helper:[*] - The bot sent the shedule on a четверг to the user: 483455155
DEBUG:urllib3.connectionpool:https://lp.vk.com:443 "GET /wh199418622?act=a_check&key=4c1f0373dfcc2dd2297f50b80b90d14be90db5b3&ts=9600&wait=25 HTTP/1.1" 200 806
DEBUG:urllib3.connectionpool:https://lp.vk.com:443 "GET /wh199418622?act=a_check&key=4c1f0373dfcc2dd2297f50b80b90d14be90db5b3&ts=9601&wait=25 HTTP/1.1" 200 601
DEBUG:helper:[*] - New message from id: 483455155
DEBUG:helper:[*] - Message: назад
DEBUG:urllib3.connectionpool:https://api.vk.com:443 "POST /method/messages.send HTTP/1.1" 200 37
DEBUG:helper:[*] - The bot sent the main page to the user: 483455155
DEBUG:urllib3.connectionpool:https://lp.vk.com:443 "GET /wh199418622?act=a_check&key=4c1f0373dfcc2dd2297f50b80b90d14be90db5b3&ts=9602&wait=25 HTTP/1.1" 200 410
DEBUG:urllib3.connectionpool:Starting new HTTPS connection (1): api.vk.com:443
DEBUG:urllib3.connectionpool:https://api.vk.com:443 "POST /method/groups.getLongPollServer HTTP/1.1" 200 124
DEBUG:urllib3.connectionpool:Starting new HTTPS connection (1): lp.vk.com:443
DEBUG:urllib3.connectionpool:https://lp.vk.com:443 "GET /wh199418622?act=a_check&key=028d871f8f4e5296b161c80bb93f0670cc384160&ts=9603&wait=25 HTTP/1.1" 200 599
DEBUG:helper:[*] - New message from id: 483455155
DEBUG:helper:[*] - Message: админ
DEBUG:urllib3.connectionpool:https://api.vk.com:443 "POST /method/messages.send HTTP/1.1" 200 37
DEBUG:helper:[*] - The user 483455155 tried to access the admin section
DEBUG:urllib3.connectionpool:https://lp.vk.com:443 "GET /wh199418622?act=a_check&key=028d871f8f4e5296b161c80bb93f0670cc384160&ts=9604&wait=25 HTTP/1.1" 200 383
DEBUG:urllib3.connectionpool:Starting new HTTPS connection (1): api.vk.com:443
DEBUG:urllib3.connectionpool:https://api.vk.com:443 "POST /method/groups.getLongPollServer HTTP/1.1" 200 124
DEBUG:urllib3.connectionpool:Starting new HTTPS connection (1): lp.vk.com:443
DEBUG:urllib3.connectionpool:Starting new HTTPS connection (1): api.vk.com:443
DEBUG:urllib3.connectionpool:https://api.vk.com:443 "POST /method/groups.getLongPollServer HTTP/1.1" 200 124
DEBUG:urllib3.connectionpool:Starting new HTTPS connection (1): lp.vk.com:443
DEBUG:urllib3.connectionpool:Starting new HTTPS connection (1): api.vk.com:443
DEBUG:urllib3.connectionpool:https://api.vk.com:443 "POST /method/groups.getLongPollServer HTTP/1.1" 200 124
DEBUG:urllib3.connectionpool:Starting new HTTPS connection (1): lp.vk.com:443
DEBUG:urllib3.connectionpool:https://lp.vk.com:443 "GET /wh199418622?act=a_check&key=889525d731805cf34504f028efc2d7f7c6f256b3&ts=9605&wait=25 HTTP/1.1" 200 599
DEBUG:helper:[*] - New message from id: 483455155
DEBUG:helper:[*] - Message: админ
DEBUG:urllib3.connectionpool:https://api.vk.com:443 "POST /method/messages.send HTTP/1.1" 200 37
DEBUG:helper:[*] - The admin 483455155 tried to access the admin section
DEBUG:urllib3.connectionpool:https://lp.vk.com:443 "GET /wh199418622?act=a_check&key=889525d731805cf34504f028efc2d7f7c6f256b3&ts=9606&wait=25 HTTP/1.1" 200 374
DEBUG:urllib3.connectionpool:https://lp.vk.com:443 "GET /wh199418622?act=a_check&key=889525d731805cf34504f028efc2d7f7c6f256b3&ts=9607&wait=25 HTTP/1.1" 200 598
DEBUG:helper:[*] - New message from id: 483455155
DEBUG:helper:[*] - Message: назад
DEBUG:urllib3.connectionpool:https://api.vk.com:443 "POST /method/messages.send HTTP/1.1" 200 37
DEBUG:helper:[*] - The bot sent the main page to the user: 483455155
DEBUG:urllib3.connectionpool:https://lp.vk.com:443 "GET /wh199418622?act=a_check&key=889525d731805cf34504f028efc2d7f7c6f256b3&ts=9608&wait=25 HTTP/1.1" 200 408
DEBUG:urllib3.connectionpool:https://lp.vk.com:443 "GET /wh199418622?act=a_check&key=889525d731805cf34504f028efc2d7f7c6f256b3&ts=9609&wait=25 HTTP/1.1" 200 599
DEBUG:helper:[*] - New message from id: 483455155
DEBUG:helper:[*] - Message: админ
DEBUG:urllib3.connectionpool:https://api.vk.com:443 "POST /method/messages.send HTTP/1.1" 200 37
DEBUG:helper:[*] - The admin 483455155 tried to access the admin section
DEBUG:urllib3.connectionpool:https://lp.vk.com:443 "GET /wh199418622?act=a_check&key=889525d731805cf34504f028efc2d7f7c6f256b3&ts=9610&wait=25 HTTP/1.1" 200 372
DEBUG:urllib3.connectionpool:Starting new HTTPS connection (1): api.vk.com:443
DEBUG:urllib3.connectionpool:https://api.vk.com:443 "POST /method/groups.getLongPollServer HTTP/1.1" 200 124
DEBUG:urllib3.connectionpool:Starting new HTTPS connection (1): lp.vk.com:443
DEBUG:urllib3.connectionpool:https://lp.vk.com:443 "GET /wh199418622?act=a_check&key=76950a60fbf2a78e30f3c7fcc528031674d004a8&ts=9611&wait=25 HTTP/1.1" 200 616
DEBUG:helper:[*] - New message from id: 483455155
DEBUG:helper:[*] - Message: добавить запись
DEBUG:urllib3.connectionpool:https://api.vk.com:443 "POST /method/messages.send HTTP/1.1" 200 37
DEBUG:urllib3.connectionpool:https://api.vk.com:443 "POST /method/messages.send HTTP/1.1" 200 37
DEBUG:urllib3.connectionpool:https://api.vk.com:443 "POST /method/messages.send HTTP/1.1" 200 37
DEBUG:helper:[*] - The admin 483455155 tried to access the add_record section
DEBUG:urllib3.connectionpool:https://lp.vk.com:443 "GET /wh199418622?act=a_check&key=76950a60fbf2a78e30f3c7fcc528031674d004a8&ts=9612&wait=25 HTTP/1.1" 200 1071
DEBUG:urllib3.connectionpool:Starting new HTTPS connection (1): api.vk.com:443
DEBUG:urllib3.connectionpool:https://api.vk.com:443 "POST /method/groups.getLongPollServer HTTP/1.1" 200 125
DEBUG:urllib3.connectionpool:Starting new HTTPS connection (1): lp.vk.com:443
DEBUG:urllib3.connectionpool:https://lp.vk.com:443 "GET /wh199418622?act=a_check&key=2c4002c271af5457b048e2327ca27979c1127cde&ts=9615&wait=25 HTTP/1.1" 200 616
DEBUG:helper:[*] - New message from id: 483455155
DEBUG:helper:[*] - Message: добавить запись
DEBUG:urllib3.connectionpool:https://api.vk.com:443 "POST /method/messages.send HTTP/1.1" 200 577
DEBUG:urllib3.connectionpool:Starting new HTTPS connection (1): api.vk.com:443
DEBUG:urllib3.connectionpool:https://api.vk.com:443 "POST /method/groups.getLongPollServer HTTP/1.1" 200 124
DEBUG:urllib3.connectionpool:Starting new HTTPS connection (1): lp.vk.com:443
DEBUG:urllib3.connectionpool:https://lp.vk.com:443 "GET /wh199418622?act=a_check&key=1565635d1f4e087fbc45e27500ea49ec8e5bdae9&ts=9616&wait=25 HTTP/1.1" 200 616
DEBUG:helper:[*] - New message from id: 483455155
DEBUG:helper:[*] - Message: добавить запись
DEBUG:urllib3.connectionpool:https://api.vk.com:443 "POST /method/messages.send HTTP/1.1" 200 575
DEBUG:urllib3.connectionpool:Starting new HTTPS connection (1): api.vk.com:443
DEBUG:urllib3.connectionpool:https://api.vk.com:443 "POST /method/groups.getLongPollServer HTTP/1.1" 200 124
DEBUG:urllib3.connectionpool:Starting new HTTPS connection (1): lp.vk.com:443
DEBUG:urllib3.connectionpool:https://lp.vk.com:443 "GET /wh199418622?act=a_check&key=c9eb8dc80c63367f21dcef5d20953bc6b1490296&ts=9617&wait=25 HTTP/1.1" 200 616
DEBUG:helper:[*] - New message from id: 483455155
DEBUG:helper:[*] - Message: добавить запись
DEBUG:urllib3.connectionpool:https://api.vk.com:443 "POST /method/messages.send HTTP/1.1" 200 37
DEBUG:helper:[*] - The admin 483455155 tried to access the add_record section
DEBUG:urllib3.connectionpool:https://lp.vk.com:443 "GET /wh199418622?act=a_check&key=c9eb8dc80c63367f21dcef5d20953bc6b1490296&ts=9618&wait=25 HTTP/1.1" 200 375
DEBUG:urllib3.connectionpool:Starting new HTTPS connection (1): api.vk.com:443
DEBUG:urllib3.connectionpool:https://api.vk.com:443 "POST /method/groups.getLongPollServer HTTP/1.1" 200 124
DEBUG:urllib3.connectionpool:Starting new HTTPS connection (1): lp.vk.com:443
DEBUG:urllib3.connectionpool:https://lp.vk.com:443 "GET /wh199418622?act=a_check&key=05829a85ef20ba8a612f13cbdbd44c334ef5f357&ts=9619&wait=25 HTTP/1.1" 200 616
DEBUG:helper:[*] - New message from id: 483455155
DEBUG:helper:[*] - Message: добавить запись
DEBUG:urllib3.connectionpool:https://api.vk.com:443 "POST /method/messages.send HTTP/1.1" 200 37
DEBUG:urllib3.connectionpool:https://api.vk.com:443 "POST /method/messages.send HTTP/1.1" 200 37
DEBUG:urllib3.connectionpool:https://api.vk.com:443 "POST /method/messages.send HTTP/1.1" 200 37
DEBUG:helper:[*] - The admin 483455155 tried to access the add_record section
DEBUG:urllib3.connectionpool:https://lp.vk.com:443 "GET /wh199418622?act=a_check&key=05829a85ef20ba8a612f13cbdbd44c334ef5f357&ts=9620&wait=25 HTTP/1.1" 200 1072
DEBUG:urllib3.connectionpool:Starting new HTTPS connection (1): api.vk.com:443
DEBUG:urllib3.connectionpool:https://api.vk.com:443 "POST /method/groups.getLongPollServer HTTP/1.1" 200 123
DEBUG:urllib3.connectionpool:Starting new HTTPS connection (1): lp.vk.com:443
DEBUG:urllib3.connectionpool:https://lp.vk.com:443 "GET /wh199418622?act=a_check&key=a1d16ef5917e5d41b9bbe4aaaee43c6fa113e8af&ts=9623&wait=25 HTTP/1.1" 200 265
DEBUG:urllib3.connectionpool:Starting new HTTPS connection (1): api.vk.com:443
DEBUG:urllib3.connectionpool:https://api.vk.com:443 "POST /method/groups.getLongPollServer HTTP/1.1" 200 123
DEBUG:urllib3.connectionpool:Starting new HTTPS connection (1): lp.vk.com:443
DEBUG:urllib3.connectionpool:https://lp.vk.com:443 "GET /wh199418622?act=a_check&key=c9219f36e9e6d97edd0f98aa0afed29d3a896010&ts=9624&wait=25 HTTP/1.1" 200 266
DEBUG:urllib3.connectionpool:https://lp.vk.com:443 "GET /wh199418622?act=a_check&key=c9219f36e9e6d97edd0f98aa0afed29d3a896010&ts=9625&wait=25 HTTP/1.1" 200 28
DEBUG:urllib3.connectionpool:Starting new HTTPS connection (1): api.vk.com:443
DEBUG:urllib3.connectionpool:https://api.vk.com:443 "POST /method/groups.getLongPollServer HTTP/1.1" 200 124
DEBUG:urllib3.connectionpool:Starting new HTTPS connection (1): lp.vk.com:443
DEBUG:urllib3.connectionpool:https://lp.vk.com:443 "GET /wh199418622?act=a_check&key=43c8d5740d5fab185b39b1aec6523a9611543578&ts=9625&wait=25 HTTP/1.1" 200 265
DEBUG:urllib3.connectionpool:https://api.vk.com:443 "POST /method/messages.send HTTP/1.1" 200 37
DEBUG:urllib3.connectionpool:https://lp.vk.com:443 "GET /wh199418622?act=a_check&key=43c8d5740d5fab185b39b1aec6523a9611543578&ts=9626&wait=25 HTTP/1.1" 200 404
DEBUG:urllib3.connectionpool:Starting new HTTPS connection (1): api.vk.com:443
DEBUG:urllib3.connectionpool:https://api.vk.com:443 "POST /method/groups.getLongPollServer HTTP/1.1" 200 124
DEBUG:urllib3.connectionpool:Starting new HTTPS connection (1): lp.vk.com:443
DEBUG:urllib3.connectionpool:https://lp.vk.com:443 "GET /wh199418622?act=a_check&key=d163489cbeecff64f46795ce4d1957849150ee3b&ts=9627&wait=25 HTTP/1.1" 200 602
DEBUG:helper:[*] - New message from id: 483455155
DEBUG:helper:[*] - Message: главная
DEBUG:urllib3.connectionpool:https://lp.vk.com:443 "GET /wh199418622?act=a_check&key=d163489cbeecff64f46795ce4d1957849150ee3b&ts=9628&wait=25 HTTP/1.1" 200 28
DEBUG:urllib3.connectionpool:https://lp.vk.com:443 "GET /wh199418622?act=a_check&key=d163489cbeecff64f46795ce4d1957849150ee3b&ts=9628&wait=25 HTTP/1.1" 200 602
DEBUG:helper:[*] - New message from id: 483455155
DEBUG:helper:[*] - Message: главная
DEBUG:urllib3.connectionpool:https://lp.vk.com:443 "GET /wh199418622?act=a_check&key=d163489cbeecff64f46795ce4d1957849150ee3b&ts=9629&wait=25 HTTP/1.1" 200 602
DEBUG:helper:[*] - New message from id: 483455155
DEBUG:helper:[*] - Message: главная
DEBUG:urllib3.connectionpool:Starting new HTTPS connection (1): api.vk.com:443
DEBUG:urllib3.connectionpool:https://api.vk.com:443 "POST /method/groups.getLongPollServer HTTP/1.1" 200 123
DEBUG:urllib3.connectionpool:Starting new HTTPS connection (1): lp.vk.com:443
DEBUG:urllib3.connectionpool:https://lp.vk.com:443 "GET /wh199418622?act=a_check&key=b83d82d5cb2b4822d7d37117206116c96893018b&ts=9630&wait=25 HTTP/1.1" 200 602
DEBUG:helper:[*] - New message from id: 483455155
DEBUG:helper:[*] - Message: главная
DEBUG:urllib3.connectionpool:https://lp.vk.com:443 "GET /wh199418622?act=a_check&key=b83d82d5cb2b4822d7d37117206116c96893018b&ts=9631&wait=25 HTTP/1.1" 200 605
DEBUG:helper:[*] - New message from id: 483455155
DEBUG:helper:[*] - Message: одна пара
DEBUG:urllib3.connectionpool:https://api.vk.com:443 "POST /method/messages.send HTTP/1.1" 200 37
DEBUG:helper:[*] - Failure trying to get student name, student is None
DEBUG:urllib3.connectionpool:https://lp.vk.com:443 "GET /wh199418622?act=a_check&key=b83d82d5cb2b4822d7d37117206116c96893018b&ts=9632&wait=25 HTTP/1.1" 200 411
DEBUG:urllib3.connectionpool:https://lp.vk.com:443 "GET /wh199418622?act=a_check&key=b83d82d5cb2b4822d7d37117206116c96893018b&ts=9633&wait=25 HTTP/1.1" 200 598
DEBUG:helper:[*] - New message from id: 483455155
DEBUG:helper:[*] - Message: назад
DEBUG:urllib3.connectionpool:https://api.vk.com:443 "POST /method/messages.send HTTP/1.1" 200 37
DEBUG:helper:[*] - The bot sent the main page to the user: 483455155
DEBUG:urllib3.connectionpool:https://lp.vk.com:443 "GET /wh199418622?act=a_check&key=b83d82d5cb2b4822d7d37117206116c96893018b&ts=9634&wait=25 HTTP/1.1" 200 408
DEBUG:urllib3.connectionpool:https://lp.vk.com:443 "GET /wh199418622?act=a_check&key=b83d82d5cb2b4822d7d37117206116c96893018b&ts=9635&wait=25 HTTP/1.1" 200 626
DEBUG:helper:[*] - New message from id: 483455155
DEBUG:helper:[*] - Message: расписание занятий
DEBUG:urllib3.connectionpool:https://api.vk.com:443 "POST /method/messages.send HTTP/1.1" 200 37
DEBUG:helper:[*] - The bot sent the shedule keyboard to the user: 483455155
DEBUG:urllib3.connectionpool:https://lp.vk.com:443 "GET /wh199418622?act=a_check&key=b83d82d5cb2b4822d7d37117206116c96893018b&ts=9636&wait=25 HTTP/1.1" 200 421
DEBUG:urllib3.connectionpool:https://lp.vk.com:443 "GET /wh199418622?act=a_check&key=b83d82d5cb2b4822d7d37117206116c96893018b&ts=9637&wait=25 HTTP/1.1" 200 615
DEBUG:helper:[*] - New message from id: 483455155
DEBUG:helper:[*] - Message: понедельник
DEBUG:urllib3.connectionpool:Starting new HTTP connection (1): www.spbkit.edu.ru:80
DEBUG:urllib3.connectionpool:http://www.spbkit.edu.ru:80 "GET /index.php?option=com_timetable&Itemid=82 HTTP/1.1" 200 None
DEBUG:urllib3.connectionpool:https://api.vk.com:443 "POST /method/messages.send HTTP/1.1" 200 37
DEBUG:helper:[*] - The bot sent the shedule on a понедельник to the user: 483455155
DEBUG:urllib3.connectionpool:https://lp.vk.com:443 "GET /wh199418622?act=a_check&key=b83d82d5cb2b4822d7d37117206116c96893018b&ts=9638&wait=25 HTTP/1.1" 200 815
DEBUG:urllib3.connectionpool:https://lp.vk.com:443 "GET /wh199418622?act=a_check&key=b83d82d5cb2b4822d7d37117206116c96893018b&ts=9639&wait=25 HTTP/1.1" 200 601
DEBUG:helper:[*] - New message from id: 483455155
DEBUG:helper:[*] - Message: назад
DEBUG:urllib3.connectionpool:https://api.vk.com:443 "POST /method/messages.send HTTP/1.1" 200 37
DEBUG:helper:[*] - The bot sent the main page to the user: 483455155
DEBUG:urllib3.connectionpool:https://lp.vk.com:443 "GET /wh199418622?act=a_check&key=b83d82d5cb2b4822d7d37117206116c96893018b&ts=9640&wait=25 HTTP/1.1" 200 409
DEBUG:urllib3.connectionpool:https://lp.vk.com:443 "GET /wh199418622?act=a_check&key=b83d82d5cb2b4822d7d37117206116c96893018b&ts=9641&wait=25 HTTP/1.1" 200 599
DEBUG:helper:[*] - New message from id: 483455155
DEBUG:helper:[*] - Message: админ
DEBUG:urllib3.connectionpool:https://api.vk.com:443 "POST /method/messages.send HTTP/1.1" 200 37
DEBUG:helper:[*] - The admin 483455155 tried to access the admin section
DEBUG:urllib3.connectionpool:https://lp.vk.com:443 "GET /wh199418622?act=a_check&key=b83d82d5cb2b4822d7d37117206116c96893018b&ts=9642&wait=25 HTTP/1.1" 200 374
DEBUG:urllib3.connectionpool:https://lp.vk.com:443 "GET /wh199418622?act=a_check&key=b83d82d5cb2b4822d7d37117206116c96893018b&ts=9643&wait=25 HTTP/1.1" 200 598
DEBUG:helper:[*] - New message from id: 483455155
DEBUG:helper:[*] - Message: назад
DEBUG:urllib3.connectionpool:https://api.vk.com:443 "POST /method/messages.send HTTP/1.1" 200 37
DEBUG:helper:[*] - The bot sent the main page to the user: 483455155
DEBUG:urllib3.connectionpool:https://lp.vk.com:443 "GET /wh199418622?act=a_check&key=b83d82d5cb2b4822d7d37117206116c96893018b&ts=9644&wait=25 HTTP/1.1" 200 409
DEBUG:urllib3.connectionpool:https://lp.vk.com:443 "GET /wh199418622?act=a_check&key=b83d82d5cb2b4822d7d37117206116c96893018b&ts=9645&wait=25 HTTP/1.1" 200 599
DEBUG:helper:[*] - New message from id: 483455155
DEBUG:helper:[*] - Message: админ
DEBUG:urllib3.connectionpool:https://api.vk.com:443 "POST /method/messages.send HTTP/1.1" 200 37
DEBUG:helper:[*] - The admin 483455155 tried to access the admin section
DEBUG:urllib3.connectionpool:https://lp.vk.com:443 "GET /wh199418622?act=a_check&key=b83d82d5cb2b4822d7d37117206116c96893018b&ts=9646&wait=25 HTTP/1.1" 200 375
DEBUG:urllib3.connectionpool:https://lp.vk.com:443 "GET /wh199418622?act=a_check&key=b83d82d5cb2b4822d7d37117206116c96893018b&ts=9647&wait=25 HTTP/1.1" 200 616
DEBUG:helper:[*] - New message from id: 483455155
DEBUG:helper:[*] - Message: добавить запись
DEBUG:urllib3.connectionpool:https://api.vk.com:443 "POST /method/messages.send HTTP/1.1" 200 37
DEBUG:urllib3.connectionpool:https://api.vk.com:443 "POST /method/messages.send HTTP/1.1" 200 37
DEBUG:urllib3.connectionpool:https://api.vk.com:443 "POST /method/messages.send HTTP/1.1" 200 37
DEBUG:helper:[*] - The admin 483455155 tried to access the add_record section
DEBUG:urllib3.connectionpool:https://lp.vk.com:443 "GET /wh199418622?act=a_check&key=b83d82d5cb2b4822d7d37117206116c96893018b&ts=9648&wait=25 HTTP/1.1" 200 1070
DEBUG:urllib3.connectionpool:https://lp.vk.com:443 "GET /wh199418622?act=a_check&key=b83d82d5cb2b4822d7d37117206116c96893018b&ts=9651&wait=25 HTTP/1.1" 200 265
DEBUG:urllib3.connectionpool:https://api.vk.com:443 "POST /method/messages.send HTTP/1.1" 200 37
DEBUG:helper:[*] - The bot sent the count_lessons page to the admin: 483455155
DEBUG:urllib3.connectionpool:https://lp.vk.com:443 "GET /wh199418622?act=a_check&key=b83d82d5cb2b4822d7d37117206116c96893018b&ts=9652&wait=25 HTTP/1.1" 200 398
DEBUG:urllib3.connectionpool:https://lp.vk.com:443 "GET /wh199418622?act=a_check&key=b83d82d5cb2b4822d7d37117206116c96893018b&ts=9653&wait=25 HTTP/1.1" 200 610
DEBUG:helper:[*] - New message from id: 483455155
DEBUG:helper:[*] - Message: четыре пары
DEBUG:urllib3.connectionpool:https://api.vk.com:443 "POST /method/messages.send HTTP/1.1" 200 37
DEBUG:helper:[*] - Failure trying to get student name, student is None
DEBUG:urllib3.connectionpool:https://lp.vk.com:443 "GET /wh199418622?act=a_check&key=b83d82d5cb2b4822d7d37117206116c96893018b&ts=9654&wait=25 HTTP/1.1" 200 410
DEBUG:urllib3.connectionpool:https://lp.vk.com:443 "GET /wh199418622?act=a_check&key=b83d82d5cb2b4822d7d37117206116c96893018b&ts=9655&wait=25 HTTP/1.1" 200 267
DEBUG:urllib3.connectionpool:https://api.vk.com:443 "POST /method/messages.send HTTP/1.1" 200 37
DEBUG:helper:[*] - The bot sent the count_lessons page to the admin: 483455155
DEBUG:urllib3.connectionpool:https://lp.vk.com:443 "GET /wh199418622?act=a_check&key=b83d82d5cb2b4822d7d37117206116c96893018b&ts=9656&wait=25 HTTP/1.1" 200 399
DEBUG:urllib3.connectionpool:Starting new HTTPS connection (1): api.vk.com:443
DEBUG:urllib3.connectionpool:https://api.vk.com:443 "POST /method/groups.getLongPollServer HTTP/1.1" 200 125
DEBUG:urllib3.connectionpool:Starting new HTTPS connection (1): lp.vk.com:443
DEBUG:urllib3.connectionpool:https://lp.vk.com:443 "GET /wh199418622?act=a_check&key=0f94af09382e99b41f541cecadea0d37b1b455c2&ts=9657&wait=25 HTTP/1.1" 200 603
DEBUG:helper:[*] - New message from id: 483455155
DEBUG:helper:[*] - Message: две пары
DEBUG:urllib3.connectionpool:https://api.vk.com:443 "POST /method/messages.send HTTP/1.1" 200 37
DEBUG:helper:[*] - Failure trying to get student name, student is None
DEBUG:urllib3.connectionpool:https://lp.vk.com:443 "GET /wh199418622?act=a_check&key=0f94af09382e99b41f541cecadea0d37b1b455c2&ts=9658&wait=25 HTTP/1.1" 200 410
DEBUG:urllib3.connectionpool:https://lp.vk.com:443 "GET /wh199418622?act=a_check&key=0f94af09382e99b41f541cecadea0d37b1b455c2&ts=9659&wait=25 HTTP/1.1" 200 265
DEBUG:urllib3.connectionpool:https://api.vk.com:443 "POST /method/messages.send HTTP/1.1" 200 37
DEBUG:helper:[*] - The bot sent the count_lessons page to the admin: 483455155
DEBUG:urllib3.connectionpool:https://lp.vk.com:443 "GET /wh199418622?act=a_check&key=0f94af09382e99b41f541cecadea0d37b1b455c2&ts=9660&wait=25 HTTP/1.1" 200 399
DEBUG:urllib3.connectionpool:Starting new HTTPS connection (1): api.vk.com:443
DEBUG:urllib3.connectionpool:https://api.vk.com:443 "POST /method/groups.getLongPollServer HTTP/1.1" 200 125
DEBUG:urllib3.connectionpool:Starting new HTTPS connection (1): lp.vk.com:443
DEBUG:urllib3.connectionpool:https://lp.vk.com:443 "GET /wh199418622?act=a_check&key=e4678e5220c984b5923e89920178c9b5adaf017e&ts=9661&wait=25 HTTP/1.1" 200 267
DEBUG:urllib3.connectionpool:https://api.vk.com:443 "POST /method/messages.send HTTP/1.1" 200 37
DEBUG:urllib3.connectionpool:Starting new HTTPS connection (1): api.vk.com:443
DEBUG:urllib3.connectionpool:https://api.vk.com:443 "POST /method/groups.getLongPollServer HTTP/1.1" 200 125
DEBUG:urllib3.connectionpool:Starting new HTTPS connection (1): lp.vk.com:443
DEBUG:urllib3.connectionpool:https://lp.vk.com:443 "GET /wh199418622?act=a_check&key=97e2248ebdc5cae25711945886fa21c615d2e76d&ts=9663&wait=25 HTTP/1.1" 200 265
DEBUG:urllib3.connectionpool:https://api.vk.com:443 "POST /method/messages.send HTTP/1.1" 200 37
DEBUG:urllib3.connectionpool:Starting new HTTPS connection (1): api.vk.com:443
DEBUG:urllib3.connectionpool:https://api.vk.com:443 "POST /method/groups.getLongPollServer HTTP/1.1" 200 123
DEBUG:urllib3.connectionpool:Starting new HTTPS connection (1): lp.vk.com:443
DEBUG:urllib3.connectionpool:https://lp.vk.com:443 "GET /wh199418622?act=a_check&key=36ee4e865d9381ecbaeea11d2b90c12c3a8a51d9&ts=9665&wait=25 HTTP/1.1" 200 266
DEBUG:urllib3.connectionpool:https://api.vk.com:443 "POST /method/messages.send HTTP/1.1" 200 37
DEBUG:helper:[*] - The bot sent the count_lessons page to the admin
DEBUG:urllib3.connectionpool:https://lp.vk.com:443 "GET /wh199418622?act=a_check&key=36ee4e865d9381ecbaeea11d2b90c12c3a8a51d9&ts=9666&wait=25 HTTP/1.1" 200 399
DEBUG:urllib3.connectionpool:https://lp.vk.com:443 "GET /wh199418622?act=a_check&key=36ee4e865d9381ecbaeea11d2b90c12c3a8a51d9&ts=9667&wait=25 HTTP/1.1" 200 605
DEBUG:helper:[*] - New message from id: 483455155
DEBUG:helper:[*] - Message: три пары
DEBUG:urllib3.connectionpool:Starting new HTTPS connection (1): api.vk.com:443
DEBUG:urllib3.connectionpool:https://api.vk.com:443 "POST /method/groups.getLongPollServer HTTP/1.1" 200 158
DEBUG:urllib3.connectionpool:Starting new HTTPS connection (1): api.vk.com:443
DEBUG:urllib3.connectionpool:https://api.vk.com:443 "POST /method/groups.getLongPollServer HTTP/1.1" 200 154
DEBUG:urllib3.connectionpool:Starting new HTTPS connection (1): api.vk.com:443
DEBUG:urllib3.connectionpool:https://api.vk.com:443 "POST /method/groups.getLongPollServer HTTP/1.1" 200 154
DEBUG:helper:[*] - Session started error
DEBUG:helper:[*] - Excption: ApiError()
DEBUG:urllib3.connectionpool:Starting new HTTPS connection (1): api.vk.com:443
DEBUG:urllib3.connectionpool:https://api.vk.com:443 "POST /method/groups.getLongPollServer HTTP/1.1" 200 154
DEBUG:helper:[*] - Session started error
DEBUG:helper:[*] - Exception: ApiError()
