__main__ - INFO - Сессия запущена...
__main__ - INFO - Слушаем сервер...
__main__ - INFO - MESSAGE_NEW
__main__ - INFO - Слушаем сервер...
__main__ - INFO - Слушаем сервер...
__main__ - INFO - MESSAGE_NEW
__main__ - INFO - Слушаем сервер...
__main__ - INFO - Сессия запущена...
__main__ - INFO - Логирование запущено...
__main__ - INFO - Сессия запущена...
__main__ - INFO - Логирование запущено...
__main__ - INFO - Сессия запущена...
__main__ - INFO - Логирование запущено...
__main__ - INFO - Сессия запущена...
__main__ - INFO - Сессия запущена...
__main__ - INFO - Сессия запущена...
__main__ - INFO - Сессия запущена...
__main__ - INFO - Сессия запущена...
__main__ - INFO - Сессия запущена...
__main__ - INFO - Сессия запущена...
__main__ - INFO - Сессия запущена...
__main__ - INFO - Сессия запущена...
__main__ - INFO - Сессия запущена...
__main__ - INFO - Session started...
__main__ - INFO - Слушаем сервер...
__main__ - INFO - MESSAGE_NEW
__main__ - INFO - Слушаем сервер...
__main__ - INFO - Слушаем сервер...
__main__ - INFO - MESSAGE_NEW
__main__ - INFO - Слушаем сервер...
__main__ - INFO - Слушаем сервер...
__main__ - INFO - MESSAGE_NEW
__main__ - INFO - Слушаем сервер...
__main__ - INFO - Слушаем сервер...
__main__ - INFO - MESSAGE_NEW
__main__ - INFO - Слушаем сервер...
__main__ - INFO - Слушаем сервер...
__main__ - INFO - MESSAGE_NEW
__main__ - INFO - Слушаем сервер...
__main__ - INFO - Session started...
__main__ - INFO - Слушаем сервер...
__main__ - INFO - MESSAGE_NEW
__main__ - INFO - Слушаем сервер...
__main__ - INFO - Session started...
__main__ - INFO - Слушаем сервер...
__main__ - INFO - MESSAGE_NEW
__main__ - INFO - Слушаем сервер...
__main__ - INFO - Слушаем сервер...
__main__ - INFO - MESSAGE_NEW
__main__ - INFO - Слушаем сервер...
__main__ - INFO - Слушаем сервер...
__main__ - INFO - MESSAGE_NEW
__main__ - INFO - Слушаем сервер...
__main__ - INFO - Слушаем сервер...
__main__ - INFO - MESSAGE_NEW
__main__ - INFO - Слушаем сервер...
__main__ - INFO - Session started...
__main__ - INFO - Слушаем сервер...
__main__ - INFO - MESSAGE_NEW
__main__ - INFO - Слушаем сервер...
__main__ - INFO - Session started...
__main__ - INFO - Слушаем сервер...
__main__ - INFO - MESSAGE_NEW
__main__ - INFO - Слушаем сервер...
__main__ - INFO - Слушаем сервер...
__main__ - INFO - MESSAGE_NEW
__main__ - INFO - Слушаем сервер...
__main__ - INFO - Session started...
__main__ - INFO - Слушаем сервер...
__main__ - INFO - MESSAGE_NEW
__main__ - INFO - Слушаем сервер...
__main__ - INFO - Слушаем сервер...
__main__ - INFO - MESSAGE_NEW
__main__ - INFO - Слушаем сервер...
__main__ - INFO - Слушаем сервер...
__main__ - INFO - MESSAGE_NEW
__main__ - INFO - Слушаем сервер...
__main__ - INFO - Session started...
__main__ - INFO - Слушаем сервер...
__main__ - INFO - MESSAGE_NEW
__main__ - INFO - Слушаем сервер...
__main__ - INFO - Слушаем сервер...
__main__ - INFO - MESSAGE_NEW
__main__ - INFO - Слушаем сервер...
__main__ - INFO - Слушаем сервер...
__main__ - INFO - MESSAGE_NEW
__main__ - INFO - Слушаем сервер...
__main__ - INFO - Session started...
__main__ - INFO - Слушаем сервер...
__main__ - INFO - MESSAGE_NEW
__main__ - INFO - Слушаем сервер...
__main__ - INFO - Слушаем сервер...
__main__ - INFO - MESSAGE_NEW
__main__ - INFO - Слушаем сервер...
__main__ - INFO - Слушаем сервер...
__main__ - INFO - MESSAGE_NEW
__main__ - INFO - Слушаем сервер...
__main__ - INFO - Session started...
__main__ - INFO - Слушаем сервер...
__main__ - INFO - MESSAGE_NEW
__main__ - INFO - Слушаем сервер...
__main__ - INFO - Слушаем сервер...
__main__ - INFO - MESSAGE_NEW
__main__ - INFO - Слушаем сервер...
__main__ - INFO - Session started...
__main__ - INFO - Слушаем сервер...
__main__ - INFO - MESSAGE_NEW
__main__ - INFO - Слушаем сервер...
__main__ - INFO - Слушаем сервер...
__main__ - INFO - MESSAGE_NEW
__main__ - INFO - Слушаем сервер...
__main__ - INFO - Session started...
__main__ - INFO - Слушаем сервер...
__main__ - INFO - MESSAGE_NEW
__main__ - INFO - Слушаем сервер...
__main__ - INFO - Слушаем сервер...
__main__ - INFO - MESSAGE_NEW
__main__ - INFO - Слушаем сервер...
__main__ - INFO - Session started...
__main__ - INFO - Слушаем сервер...
__main__ - INFO - MESSAGE_NEW
__main__ - INFO - Слушаем сервер...
__main__ - INFO - Слушаем сервер...
__main__ - INFO - MESSAGE_NEW
__main__ - INFO - Слушаем сервер...
__main__ - INFO - Session started...
__main__ - INFO - Слушаем сервер...
__main__ - INFO - MESSAGE_NEW
__main__ - INFO - Слушаем сервер...
__main__ - INFO - Слушаем сервер...
__main__ - INFO - MESSAGE_NEW
__main__ - INFO - Слушаем сервер...
__main__ - INFO - Session started...
__main__ - INFO - Слушаем сервер...
__main__ - INFO - MESSAGE_NEW
__main__ - INFO - Слушаем сервер...
__main__ - INFO - Слушаем сервер...
__main__ - INFO - MESSAGE_NEW
__main__ - INFO - Слушаем сервер...
__main__ - INFO - Слушаем сервер...
__main__ - INFO - MESSAGE_NEW
__main__ - INFO - Слушаем сервер...
__main__ - INFO - Session started...
__main__ - INFO - Слушаем сервер...
__main__ - INFO - MESSAGE_NEW
__main__ - INFO - Слушаем сервер...
__main__ - INFO - Слушаем сервер...
__main__ - INFO - MESSAGE_NEW
__main__ - INFO - Слушаем сервер...
__main__ - INFO - Session started...
__main__ - INFO - Слушаем сервер...
__main__ - INFO - MESSAGE_NEW
__main__ - INFO - Session started...
__main__ - INFO - Слушаем сервер...
__main__ - INFO - MESSAGE_NEW
__main__ - INFO - Session started...
__main__ - INFO - Слушаем сервер...
__main__ - INFO - MESSAGE_NEW
__main__ - INFO - Session started...
__main__ - INFO - Слушаем сервер...
__main__ - INFO - MESSAGE_NEW
__main__ - INFO - Session started...
__main__ - INFO - Слушаем сервер...
__main__ - INFO - MESSAGE_NEW
__main__ - INFO - Слушаем сервер...
__main__ - INFO - Слушаем сервер...
__main__ - INFO - MESSAGE_NEW
__main__ - INFO - Слушаем сервер...
__main__ - INFO - Слушаем сервер...
__main__ - INFO - MESSAGE_NEW
__main__ - INFO - Слушаем сервер...
__main__ - INFO - Session started...
__main__ - INFO - Слушаем сервер...
__main__ - INFO - MESSAGE_NEW
__main__ - INFO - Слушаем сервер...
__main__ - INFO - Слушаем сервер...
__main__ - INFO - MESSAGE_NEW
__main__ - INFO - Слушаем сервер...
__main__ - INFO - Слушаем сервер...
__main__ - INFO - MESSAGE_NEW
__main__ - INFO - Слушаем сервер...
__main__ - INFO - Session started...
__main__ - INFO - Слушаем сервер...
__main__ - INFO - MESSAGE_NEW
__main__ - INFO - Слушаем сервер...
__main__ - INFO - Session started...
__main__ - INFO - Слушаем сервер...
__main__ - INFO - MESSAGE_NEW
__main__ - INFO - Слушаем сервер...
__main__ - INFO - Слушаем сервер...
__main__ - INFO - MESSAGE_NEW
__main__ - INFO - Слушаем сервер...
__main__ - INFO - Session started...
__main__ - INFO - Слушаем сервер...
__main__ - INFO - MESSAGE_NEW
__main__ - INFO - Слушаем сервер...
__main__ - INFO - Слушаем сервер...
__main__ - INFO - MESSAGE_NEW
__main__ - INFO - Слушаем сервер...
__main__ - INFO - Слушаем сервер...
__main__ - INFO - MESSAGE_NEW
__main__ - INFO - Слушаем сервер...
__main__ - INFO - Слушаем сервер...
__main__ - INFO - MESSAGE_NEW
__main__ - INFO - Слушаем сервер...
__main__ - INFO - Слушаем сервер...
__main__ - INFO - MESSAGE_NEW
__main__ - INFO - Слушаем сервер...
__main__ - INFO - Слушаем сервер...
__main__ - INFO - Слушаем сервер...
__main__ - INFO - MESSAGE_NEW
__main__ - INFO - Слушаем сервер...
